nohup: ignoring input
MOON v0.3.0 – P2P REAL + TRANSACCIONES – 2 dic 2025
KNKI – LA PLATA DIGITAL
P2P activo en puerto 38333
Balance KNKI: 321800 MOON
Bloque #6437 minado → +50 MOON
Balance KNKI: 321850 MOON

Bloque #6438 minado → +50 MOON
Balance KNKI: 321900 MOON

Bloque #6439 minado → +50 MOON
Balance KNKI: 321950 MOON

Bloque #6440 minado → +50 MOON
Balance KNKI: 322000 MOON

Bloque #6441 minado → +50 MOON
Balance KNKI: 322050 MOON

Bloque #6442 minado → +50 MOON
Balance KNKI: 322100 MOON

Bloque #6443 minado → +50 MOON
Balance KNKI: 322150 MOON

Bloque #6444 minado → +50 MOON
Balance KNKI: 322200 MOON

Bloque #6445 minado → +50 MOON
Balance KNKI: 322250 MOON

Bloque #6446 minado → +50 MOON
Balance KNKI: 322300 MOON

Bloque #6447 minado → +50 MOON
Balance KNKI: 322350 MOON

Bloque #6448 minado → +50 MOON
Balance KNKI: 322400 MOON

Bloque #6449 minado → +50 MOON
Balance KNKI: 322450 MOON

Bloque #6450 minado → +50 MOON
Balance KNKI: 322500 MOON

Bloque #6451 minado → +50 MOON
Balance KNKI: 322550 MOON

Bloque #6452 minado → +50 MOON
Balance KNKI: 322600 MOON

Bloque #6453 minado → +50 MOON
Balance KNKI: 322650 MOON

Bloque #6454 minado → +50 MOON
Balance KNKI: 322700 MOON

Bloque #6455 minado → +50 MOON
Balance KNKI: 322750 MOON

Bloque #6456 minado → +50 MOON
Balance KNKI: 322800 MOON

Bloque #6457 minado → +50 MOON
Balance KNKI: 322850 MOON

Bloque #6458 minado → +50 MOON
Balance KNKI: 322900 MOON

Bloque #6459 minado → +50 MOON
Balance KNKI: 322950 MOON

Bloque #6460 minado → +50 MOON
Balance KNKI: 323000 MOON

Bloque #6461 minado → +50 MOON
Balance KNKI: 323050 MOON

Bloque #6462 minado → +50 MOON
Balance KNKI: 323100 MOON

Bloque #6463 minado → +50 MOON
Balance KNKI: 323150 MOON

Bloque #6464 minado → +50 MOON
Balance KNKI: 323200 MOON

Bloque #6465 minado → +50 MOON
Balance KNKI: 323250 MOON

Bloque #6466 minado → +50 MOON
Balance KNKI: 323300 MOON

Bloque #6467 minado → +50 MOON
Balance KNKI: 323350 MOON

Bloque #6468 minado → +50 MOON
Balance KNKI: 323400 MOON

Bloque #6469 minado → +50 MOON
Balance KNKI: 323450 MOON

Bloque #6470 minado → +50 MOON
Balance KNKI: 323500 MOON

Bloque #6471 minado → +50 MOON
Balance KNKI: 323550 MOON

Bloque #6472 minado → +50 MOON
Balance KNKI: 323600 MOON

Bloque #6473 minado → +50 MOON
Balance KNKI: 323650 MOON

Bloque #6474 minado → +50 MOON
Balance KNKI: 323700 MOON

Bloque #6475 minado → +50 MOON
Balance KNKI: 323750 MOON

Bloque #6476 minado → +50 MOON
Balance KNKI: 323800 MOON

Bloque #6477 minado → +50 MOON
Balance KNKI: 323850 MOON

Bloque #6478 minado → +50 MOON
Balance KNKI: 323900 MOON

Bloque #6479 minado → +50 MOON
Balance KNKI: 323950 MOON

Bloque #6480 minado → +50 MOON
Balance KNKI: 324000 MOON

Bloque #6481 minado → +50 MOON
Balance KNKI: 324050 MOON

Bloque #6482 minado → +50 MOON
Balance KNKI: 324100 MOON

Bloque #6483 minado → +50 MOON
Balance KNKI: 324150 MOON

Bloque #6484 minado → +50 MOON
Balance KNKI: 324200 MOON

Bloque #6485 minado → +50 MOON
Balance KNKI: 324250 MOON

Bloque #6486 minado → +50 MOON
Balance KNKI: 324300 MOON

Bloque #6487 minado → +50 MOON
Balance KNKI: 324350 MOON

Bloque #6488 minado → +50 MOON
Balance KNKI: 324400 MOON

Bloque #6489 minado → +50 MOON
Balance KNKI: 324450 MOON

Bloque #6490 minado → +50 MOON
Balance KNKI: 324500 MOON

Bloque #6491 minado → +50 MOON
Balance KNKI: 324550 MOON

Bloque #6492 minado → +50 MOON
Balance KNKI: 324600 MOON

Bloque #6493 minado → +50 MOON
Balance KNKI: 324650 MOON

Bloque #6494 minado → +50 MOON
Balance KNKI: 324700 MOON

Bloque #6495 minado → +50 MOON
Balance KNKI: 324750 MOON

Bloque #6496 minado → +50 MOON
Balance KNKI: 324800 MOON

Bloque #6497 minado → +50 MOON
Balance KNKI: 324850 MOON

Bloque #6498 minado → +50 MOON
Balance KNKI: 324900 MOON

Bloque #6499 minado → +50 MOON
Balance KNKI: 324950 MOON

Bloque #6500 minado → +50 MOON
Balance KNKI: 325000 MOON

Bloque #6501 minado → +50 MOON
Balance KNKI: 325050 MOON

Bloque #6502 minado → +50 MOON
Balance KNKI: 325100 MOON

Bloque #6503 minado → +50 MOON
Balance KNKI: 325150 MOON

Bloque #6504 minado → +50 MOON
Balance KNKI: 325200 MOON

Bloque #6505 minado → +50 MOON
Balance KNKI: 325250 MOON

Bloque #6506 minado → +50 MOON
Balance KNKI: 325300 MOON

Bloque #6507 minado → +50 MOON
Balance KNKI: 325350 MOON

Bloque #6508 minado → +50 MOON
Balance KNKI: 325400 MOON

Bloque #6509 minado → +50 MOON
Balance KNKI: 325450 MOON

Bloque #6510 minado → +50 MOON
Balance KNKI: 325500 MOON

Bloque #6511 minado → +50 MOON
Balance KNKI: 325550 MOON

Bloque #6512 minado → +50 MOON
Balance KNKI: 325600 MOON

Bloque #6513 minado → +50 MOON
Balance KNKI: 325650 MOON

Bloque #6514 minado → +50 MOON
Balance KNKI: 325700 MOON

Bloque #6515 minado → +50 MOON
Balance KNKI: 325750 MOON

Bloque #6516 minado → +50 MOON
Balance KNKI: 325800 MOON

Bloque #6517 minado → +50 MOON
Balance KNKI: 325850 MOON

Bloque #6518 minado → +50 MOON
Balance KNKI: 325900 MOON

Bloque #6519 minado → +50 MOON
Balance KNKI: 325950 MOON

Bloque #6520 minado → +50 MOON
Balance KNKI: 326000 MOON

Bloque #6521 minado → +50 MOON
Balance KNKI: 326050 MOON

Bloque #6522 minado → +50 MOON
Balance KNKI: 326100 MOON

Bloque #6523 minado → +50 MOON
Balance KNKI: 326150 MOON

Bloque #6524 minado → +50 MOON
Balance KNKI: 326200 MOON

Bloque #6525 minado → +50 MOON
Balance KNKI: 326250 MOON

Bloque #6526 minado → +50 MOON
Balance KNKI: 326300 MOON

Bloque #6527 minado → +50 MOON
Balance KNKI: 326350 MOON

Bloque #6528 minado → +50 MOON
Balance KNKI: 326400 MOON

Bloque #6529 minado → +50 MOON
Balance KNKI: 326450 MOON

Bloque #6530 minado → +50 MOON
Balance KNKI: 326500 MOON

Bloque #6531 minado → +50 MOON
Balance KNKI: 326550 MOON

Bloque #6532 minado → +50 MOON
Balance KNKI: 326600 MOON

Bloque #6533 minado → +50 MOON
Balance KNKI: 326650 MOON

Bloque #6534 minado → +50 MOON
Balance KNKI: 326700 MOON

Bloque #6535 minado → +50 MOON
Balance KNKI: 326750 MOON

Bloque #6536 minado → +50 MOON
Balance KNKI: 326800 MOON

Bloque #6537 minado → +50 MOON
Balance KNKI: 326850 MOON

Bloque #6538 minado → +50 MOON
Balance KNKI: 326900 MOON

Bloque #6539 minado → +50 MOON
Balance KNKI: 326950 MOON

Bloque #6540 minado → +50 MOON
Balance KNKI: 327000 MOON

Bloque #6541 minado → +50 MOON
Balance KNKI: 327050 MOON

Bloque #6542 minado → +50 MOON
Balance KNKI: 327100 MOON

Bloque #6543 minado → +50 MOON
Balance KNKI: 327150 MOON

Bloque #6544 minado → +50 MOON
Balance KNKI: 327200 MOON

Bloque #6545 minado → +50 MOON
Balance KNKI: 327250 MOON

Bloque #6546 minado → +50 MOON
Balance KNKI: 327300 MOON

Bloque #6547 minado → +50 MOON
Balance KNKI: 327350 MOON

Bloque #6548 minado → +50 MOON
Balance KNKI: 327400 MOON

Bloque #6549 minado → +50 MOON
Balance KNKI: 327450 MOON

Bloque #6550 minado → +50 MOON
Balance KNKI: 327500 MOON

Bloque #6551 minado → +50 MOON
Balance KNKI: 327550 MOON

Bloque #6552 minado → +50 MOON
Balance KNKI: 327600 MOON

Bloque #6553 minado → +50 MOON
Balance KNKI: 327650 MOON

Bloque #6554 minado → +50 MOON
Balance KNKI: 327700 MOON

Bloque #6555 minado → +50 MOON
Balance KNKI: 327750 MOON

Bloque #6556 minado → +50 MOON
Balance KNKI: 327800 MOON

Bloque #6557 minado → +50 MOON
Balance KNKI: 327850 MOON

Bloque #6558 minado → +50 MOON
Balance KNKI: 327900 MOON

Bloque #6559 minado → +50 MOON
Balance KNKI: 327950 MOON

Bloque #6560 minado → +50 MOON
Balance KNKI: 328000 MOON

Bloque #6561 minado → +50 MOON
Balance KNKI: 328050 MOON

Bloque #6562 minado → +50 MOON
Balance KNKI: 328100 MOON

Bloque #6563 minado → +50 MOON
Balance KNKI: 328150 MOON

Bloque #6564 minado → +50 MOON
Balance KNKI: 328200 MOON

Bloque #6565 minado → +50 MOON
Balance KNKI: 328250 MOON

Bloque #6566 minado → +50 MOON
Balance KNKI: 328300 MOON

Bloque #6567 minado → +50 MOON
Balance KNKI: 328350 MOON

Bloque #6568 minado → +50 MOON
Balance KNKI: 328400 MOON

Bloque #6569 minado → +50 MOON
Balance KNKI: 328450 MOON

Bloque #6570 minado → +50 MOON
Balance KNKI: 328500 MOON

Bloque #6571 minado → +50 MOON
Balance KNKI: 328550 MOON

Bloque #6572 minado → +50 MOON
Balance KNKI: 328600 MOON

Bloque #6573 minado → +50 MOON
Balance KNKI: 328650 MOON

Bloque #6574 minado → +50 MOON
Balance KNKI: 328700 MOON

Bloque #6575 minado → +50 MOON
Balance KNKI: 328750 MOON

Bloque #6576 minado → +50 MOON
Balance KNKI: 328800 MOON

Bloque #6577 minado → +50 MOON
Balance KNKI: 328850 MOON

Bloque #6578 minado → +50 MOON
Balance KNKI: 328900 MOON

Bloque #6579 minado → +50 MOON
Balance KNKI: 328950 MOON

Bloque #6580 minado → +50 MOON
Balance KNKI: 329000 MOON

Bloque #6581 minado → +50 MOON
Balance KNKI: 329050 MOON

Bloque #6582 minado → +50 MOON
Balance KNKI: 329100 MOON

Bloque #6583 minado → +50 MOON
Balance KNKI: 329150 MOON

Bloque #6584 minado → +50 MOON
Balance KNKI: 329200 MOON

Bloque #6585 minado → +50 MOON
Balance KNKI: 329250 MOON

Bloque #6586 minado → +50 MOON
Balance KNKI: 329300 MOON

Bloque #6587 minado → +50 MOON
Balance KNKI: 329350 MOON

Bloque #6588 minado → +50 MOON
Balance KNKI: 329400 MOON

Bloque #6589 minado → +50 MOON
Balance KNKI: 329450 MOON

Bloque #6590 minado → +50 MOON
Balance KNKI: 329500 MOON

Bloque #6591 minado → +50 MOON
Balance KNKI: 329550 MOON

Bloque #6592 minado → +50 MOON
Balance KNKI: 329600 MOON

Bloque #6593 minado → +50 MOON
Balance KNKI: 329650 MOON

Bloque #6594 minado → +50 MOON
Balance KNKI: 329700 MOON

Bloque #6595 minado → +50 MOON
Balance KNKI: 329750 MOON

Bloque #6596 minado → +50 MOON
Balance KNKI: 329800 MOON

Bloque #6597 minado → +50 MOON
Balance KNKI: 329850 MOON

Bloque #6598 minado → +50 MOON
Balance KNKI: 329900 MOON

Bloque #6599 minado → +50 MOON
Balance KNKI: 329950 MOON

Bloque #6600 minado → +50 MOON
Balance KNKI: 330000 MOON

Bloque #6601 minado → +50 MOON
Balance KNKI: 330050 MOON

Bloque #6602 minado → +50 MOON
Balance KNKI: 330100 MOON

Bloque #6603 minado → +50 MOON
Balance KNKI: 330150 MOON

Bloque #6604 minado → +50 MOON
Balance KNKI: 330200 MOON

Bloque #6605 minado → +50 MOON
Balance KNKI: 330250 MOON

Bloque #6606 minado → +50 MOON
Balance KNKI: 330300 MOON

Bloque #6607 minado → +50 MOON
Balance KNKI: 330350 MOON

Bloque #6608 minado → +50 MOON
Balance KNKI: 330400 MOON

Bloque #6609 minado → +50 MOON
Balance KNKI: 330450 MOON

Bloque #6610 minado → +50 MOON
Balance KNKI: 330500 MOON

Bloque #6611 minado → +50 MOON
Balance KNKI: 330550 MOON

Bloque #6612 minado → +50 MOON
Balance KNKI: 330600 MOON

Bloque #6613 minado → +50 MOON
Balance KNKI: 330650 MOON

Bloque #6614 minado → +50 MOON
Balance KNKI: 330700 MOON

Bloque #6615 minado → +50 MOON
Balance KNKI: 330750 MOON

Bloque #6616 minado → +50 MOON
Balance KNKI: 330800 MOON

Bloque #6617 minado → +50 MOON
Balance KNKI: 330850 MOON

Bloque #6618 minado → +50 MOON
Balance KNKI: 330900 MOON

Bloque #6619 minado → +50 MOON
Balance KNKI: 330950 MOON

Bloque #6620 minado → +50 MOON
Balance KNKI: 331000 MOON

Bloque #6621 minado → +50 MOON
Balance KNKI: 331050 MOON

Bloque #6622 minado → +50 MOON
Balance KNKI: 331100 MOON

Bloque #6623 minado → +50 MOON
Balance KNKI: 331150 MOON

Bloque #6624 minado → +50 MOON
Balance KNKI: 331200 MOON

Bloque #6625 minado → +50 MOON
Balance KNKI: 331250 MOON

Bloque #6626 minado → +50 MOON
Balance KNKI: 331300 MOON

Bloque #6627 minado → +50 MOON
Balance KNKI: 331350 MOON

Bloque #6628 minado → +50 MOON
Balance KNKI: 331400 MOON

Bloque #6629 minado → +50 MOON
Balance KNKI: 331450 MOON

Bloque #6630 minado → +50 MOON
Balance KNKI: 331500 MOON

Bloque #6631 minado → +50 MOON
Balance KNKI: 331550 MOON

Bloque #6632 minado → +50 MOON
Balance KNKI: 331600 MOON

Bloque #6633 minado → +50 MOON
Balance KNKI: 331650 MOON

Bloque #6634 minado → +50 MOON
Balance KNKI: 331700 MOON

Bloque #6635 minado → +50 MOON
Balance KNKI: 331750 MOON

